<?xml version="1.0" encoding="UTF-8"?>
<!-- Generated by org.testng.reporters.JUnitReportReporter -->
<testsuite hostname="RIPL-DST-031" failures="0" tests="2" name="testcases.TC__00001_AddEmployee" time="1468.223" errors="0" timestamp="2023-06-14T13:54:25 IST" skipped="0">
  <testcase classname="testcases.TC__00001_AddEmployee" name="LOGIN" time="14.570"/>
  <system-out>
    <![CDATA[enter username
enter password 
click signin button]]>
  </system-out>
  <testcase classname="testcases.TC__00001_AddEmployee" name="employee" time="1453.653"/>
  <system-out/>
</testsuite> <!-- testcases.TC__00001_AddEmployee -->
