<?xml version="1.0" encoding="UTF-8"?>
<!-- Generated by org.testng.reporters.JUnitReportReporter -->
<testsuite hostname="RIPL-DST-031" failures="0" tests="1" name="testcases.TC_Turnout_Login_001" time="14.665" errors="0" timestamp="2023-04-06T15:52:07 IST" skipped="0">
  <testcase classname="testcases.TC_Turnout_Login_001" name="LOGIN" time="14.665"/>
  <system-out>
    <![CDATA[click login button 
enter username
enter password 
click signin button]]>
  </system-out>
</testsuite> <!-- testcases.TC_Turnout_Login_001 -->
